[debug] [2017-08-25T02:12:39.280Z] ----------------------------------------------------------------------
[debug] [2017-08-25T02:12:39.282Z] Command:       /Users/mkalygin/.nvm/versions/node/v8.1.2/bin/node /Users/mkalygin/.nvm/versions/node/v8.1.2/bin/firebase serve
[debug] [2017-08-25T02:12:39.283Z] CLI Version:   3.9.2
[debug] [2017-08-25T02:12:39.283Z] Platform:      darwin
[debug] [2017-08-25T02:12:39.283Z] Node Version:  v8.1.2
[debug] [2017-08-25T02:12:39.283Z] Time:          Fri Aug 25 2017 05:12:39 GMT+0300 (MSK)
[debug] [2017-08-25T02:12:39.283Z] ----------------------------------------------------------------------
[debug] 
[debug] [2017-08-25T02:12:39.293Z] > command requires scopes: ["email","openid","https://www.googleapis.com/auth/cloudplatformprojects.readonly","https://www.googleapis.com/auth/firebase","https://www.googleapis.com/auth/cloud-platform"]
[debug] [2017-08-25T02:12:39.293Z] > authorizing via signed-in user
[debug] [2017-08-25T02:12:39.295Z] >>> HTTP REQUEST GET https://admin.firebase.com/v1/projects/dev-salaries  
 Fri Aug 25 2017 05:12:39 GMT+0300 (MSK)
[debug] [2017-08-25T02:12:40.142Z] <<< HTTP RESPONSE 200
[debug] [2017-08-25T02:12:40.143Z] >>> HTTP REQUEST GET https://admin.firebase.com/v1/database/dev-salaries/tokens  
 Fri Aug 25 2017 05:12:40 GMT+0300 (MSK)
[debug] [2017-08-25T02:12:40.841Z] <<< HTTP RESPONSE 200
[info] 
[info] === Serving from '/Users/mkalygin/Projects/tehcookies/devsalaries'...
[info] 
[debug] [2017-08-25T02:12:40.844Z] >>> HTTP REQUEST GET https://cloudresourcemanager.googleapis.com/v1/projects/dev-salaries  
 Fri Aug 25 2017 05:12:40 GMT+0300 (MSK)
[debug] [2017-08-25T02:12:41.773Z] <<< HTTP RESPONSE 200
[debug] [2017-08-25T02:12:41.773Z] >>> HTTP REQUEST GET https://mobilesdk-pa.googleapis.com/v1/projects/738682676321/clients/_:getWebAppConfig  
 Fri Aug 25 2017 05:12:41 GMT+0300 (MSK)
[debug] [2017-08-25T02:12:42.690Z] <<< HTTP RESPONSE 200
[info] i  hosting: Serving hosting files from: ./
[info] ✔  hosting: Local server: http://localhost:5000

